[32m2024-02-20 13:54:36.422[0m | [1mINFO    [0m | [36mrag_101.client[0m:[36mstream[0m:[36m44[0m - [1mThis context is not confident. 1 2 0 2

n u J

1 2

]

V C . s c [

2 v 8 4 3 5 1 . 3 0 1 2 : v i X r a

LayoutParser: A Uniﬁed Toolkit for Deep Learning Based Document Image Analysis

Zejiang Shen1 ((cid:0)), Ruochen Zhang2, Melissa Dell3, Benjamin Charles Germain Lee4, Jacob Carlson3, and Weining Li5

1 Allen Institute for AI shannons@allenai.org 2 Brown University ruochen zhang@brown.edu 3 Harvard University {melissadell,jacob carlson}@fas.harvard.edu 4 University of Washington bcgl@cs.washington.edu 5 University of Waterloo w422li@uwaterloo.ca[0m
[32m2024-02-20 13:55:21.316[0m | [1mINFO    [0m | [36mrag_101.client[0m:[36mstream[0m:[36m44[0m - [1mThis context is not confident. Abstract. Recent advances in document image analysis (DIA) have been primarily driven by the application of neural networks. Ideally, research outcomes could be easily deployed in production and extended for further investigation. However, various factors like loosely organized codebases and sophisticated model conﬁgurations complicate the easy reuse of im- portant innovations by a wide audience. Though there have been on-going eﬀorts to improve reusability and simplify deep learning (DL) model development in disciplines like natural language processing and computer vision, none of them are optimized for challenges in the domain of DIA. This represents a major gap in the existing toolkit, as DIA is central to academic research across a wide range of disciplines in the social sciences and humanities. This paper introduces LayoutParser, an open-source library for streamlining the usage of DL in DIA research and applica- tions. The core LayoutParser library comes with a set of simple and intuitive interfaces for applying and customizing DL models for layout de- tection, character recognition, and many other document processing tasks. To promote extensibility, LayoutParser also incorporates a community platform for sharing both pre-trained models and full document digiti- zation pipelines. We demonstrate that LayoutParser is helpful for both lightweight and large-scale digitization pipelines in real-word use cases. The library is publicly available at https://layout-parser.github.io.

Keywords: Document Image Analysis 

·

 Deep Learning 

·

 Layout Analysis 

·

 Character Recognition 

·

 Open Source library 

·

 Toolkit.

1

Introduction

Deep Learning(DL)-based approaches are the state-of-the-art for a wide range of document image analysis (DIA) tasks including document image classiﬁcation [11,

2

Z. Shen et al.[0m
